<?xml version="1.0" encoding="UTF-8"?>
<Site BuildName="(empty)"
	BuildStamp="20250222-1511-Experimental"
	Name="wxj"
	Generator="ctest-3.26.5"
	CompilerName="/usr/bin/c++"
	CompilerVersion="11.4.0"
	OSName="Linux"
	Hostname="wxj"
	OSRelease="6.8.0-52-generic"
	OSVersion="#53~22.04.1-Ubuntu SMP PREEMPT_DYNAMIC Wed Jan 15 19:18:46 UTC 2"
	OSPlatform="x86_64"
	Is64Bits="1"
	VendorString="GenuineIntel"
	VendorID="Intel Corporation"
	FamilyID="6"
	ModelID="183"
	ProcessorCacheSize="24576"
	NumberOfLogicalCPU="20"
	NumberOfPhysicalCPU="14"
	TotalVirtualMemory="0"
	TotalPhysicalMemory="31874"
	LogicalProcessorsPerPhysical="1"
	ProcessorClockFrequency="2600.1"
	>
	<Testing>
		<StartDateTime>Feb 22 23:11 CST</StartDateTime>
		<StartTestTime>1740237089</StartTestTime>
		<TestList/>
		<EndDateTime>Feb 22 23:11 CST</EndDateTime>
		<EndTestTime>1740237089</EndTestTime>
		<ElapsedMinutes>0</ElapsedMinutes>
	</Testing>
</Site>
